vite v8.0.3 building client environment for production...
[2Ktransforming...✓ 15 modules transformed.
✗ Build failed in 87ms
error during build:
Build failed with 1 error:

[31m[builtin:vite-transform] Error:[0m Expected `,` or `)` but found `else`
     [38;5;246m╭[0m[38;5;246m─[0m[38;5;246m[[0m index.jsx:379:11 [38;5;246m][0m
     [38;5;246m│[0m
 [38;5;246m376 │[0m [38;5;249m [0m[38;5;249m [0m[38;5;249m [0m[38;5;249m [0m[38;5;249m [0m[38;5;249m [0m[38;5;249ml[0m[38;5;249me[0m[38;5;249mv[0m[38;5;249me[0m[38;5;249ml[0m[38;5;249m.[0m[38;5;249mm[0m[38;5;249ma[0m[38;5;249mp[0m[38;5;249mN[0m[38;5;249mo[0m[38;5;249md[0m[38;5;249me[0m[38;5;249ms[0m[38;5;249m.[0m[38;5;249mf[0m[38;5;249mo[0m[38;5;249mr[0m[38;5;249mE[0m[38;5;249ma[0m[38;5;249mc[0m[38;5;249mh[0m([38;5;249m([0m[38;5;249mn[0m[38;5;249m,[0m[38;5;249m [0m[38;5;249mi[0m[38;5;249md[0m[38;5;249mx[0m[38;5;249m)[0m[38;5;249m [0m[38;5;249m=[0m[38;5;249m>[0m[38;5;249m [0m[38;5;249m{[0m
 [38;5;240m    │[0m                             ┬  
 [38;5;240m    │[0m                             ╰── Opened here
 [38;5;240m    │[0m 
 [38;5;246m379 │[0m [38;5;249m [0m[38;5;249m [0m[38;5;249m [0m[38;5;249m [0m[38;5;249m [0m[38;5;249m [0m[38;5;249m [0m[38;5;249m [0m[38;5;249m}[0m[38;5;249m [0melse[38;5;249m [0m[38;5;249mi[0m[38;5;249mf[0m[38;5;249m [0m[38;5;249m([0m[38;5;249mn[0m[38;5;249m.[0m[38;5;249mi[0m[38;5;249ms[0m[38;5;249mP[0m[38;5;249mr[0m[38;5;249me[0m[38;5;249ms[0m[38;5;249me[0m[38;5;249mt[0m[38;5;249m [0m[38;5;249m=[0m[38;5;249m=[0m[38;5;249m=[0m[38;5;249m [0m[38;5;249m'[0m[38;5;249mm[0m[38;5;249mu[0m[38;5;249ms[0m[38;5;249mh[0m[38;5;249mr[0m[38;5;249mo[0m[38;5;249mo[0m[38;5;249mm[0m[38;5;249m'[0m[38;5;249m)[0m[38;5;249m [0m[38;5;249m{[0m
 [38;5;240m    │[0m           ──┬─  
 [38;5;240m    │[0m             ╰─── `,` or `)` expected
[38;5;246m─────╯[0m

    at aggregateBindingErrorsIntoJsError (file:///home/yoavh/code/antigravity/give_and_take/node_modules/rolldown/dist/shared/error-BLhcSyeg.mjs:48:18)
    at unwrapBindingResult (file:///home/yoavh/code/antigravity/give_and_take/node_modules/rolldown/dist/shared/error-BLhcSyeg.mjs:18:128)
    at #build (file:///home/yoavh/code/antigravity/give_and_take/node_modules/rolldown/dist/shared/rolldown-build-CPrIX9V6.mjs:3313:34)
    at async buildEnvironment (file:///home/yoavh/code/antigravity/give_and_take/node_modules/vite/dist/node/chunks/node.js:32849:64)
    at async Object.build (file:///home/yoavh/code/antigravity/give_and_take/node_modules/vite/dist/node/chunks/node.js:33271:19)
    at async Object.buildApp (file:///home/yoavh/code/antigravity/give_and_take/node_modules/vite/dist/node/chunks/node.js:33268:153)
    at async CAC.<anonymous> (file:///home/yoavh/code/antigravity/give_and_take/node_modules/vite/dist/node/cli.js:778:3) {
  errors: [Getter/Setter]
}
